#
# A fatal error has been detected by the Java Runtime Environment:
#
#  EXCEPTION_ACCESS_VIOLATION (0xc0000005) at pc=0x00007ffa558428bd, pid=13332, tid=0x0000000000004ba8
#
# JRE version: Java(TM) SE Runtime Environment (8.0_151-b12) (build 1.8.0_151-b12)
# Java VM: Java HotSpot(TM) 64-Bit Server VM (25.151-b12 mixed mode windows-amd64 compressed oops)
# Problematic frame:
# C  [lwjgl.dll+0x128bd]
#
# Failed to write core dump. Minidumps are not enabled by default on client versions of Windows
#
# If you would like to submit a bug report, please visit:
#   http://bugreport.java.com/bugreport/crash.jsp
# The crash happened outside the Java Virtual Machine in native code.
# See problematic frame for where to report the bug.
#

---------------  T H R E A D  ---------------

Current thread (0x0000000005404000):  JavaThread "main" [_thread_in_native, id=19368, stack(0x0000000005300000,0x0000000005400000)]

siginfo: ExceptionCode=0xc0000005, reading address 0x0000000000000000

Registers:
RAX=0x00000000000000a5, RBX=0x000000001e6d2ff8, RCX=0x00000000ffffffff, RDX=0x00007ffa558821b0
RSP=0x00000000053ff0a0, RBP=0x00000000053ff140, RSI=0x0000000000000108, RDI=0x000000000550835d
R8 =0x000000000000000a, R9 =0x0000000000000002, R10=0x0000000003162640, R11=0x00000000053fef90
R12=0x0000000000000000, R13=0x000000001e6d2ff0, R14=0x00000000053ff160, R15=0x0000000005404000
RIP=0x00007ffa558428bd, EFLAGS=0x0000000000010202

Top of Stack: (sp=0x00000000053ff0a0)
0x00000000053ff0a0:   00000000053ff300 00007ffa55869430
0x00000000053ff0b0:   0000000000001701 00000000052f7700
0x00000000053ff0c0:   000000000550835d 0000000005517f74
0x00000000053ff0d0:   0000000005404000 000000001e6d2ff8
0x00000000053ff0e0:   0000000000000108 0000000005404000
0x00000000053ff0f0:   00000000053ff1d0 0000000005517ca2
0x00000000053ff100:   00000000053ff100 000000001e6d2ff0
0x00000000053ff110:   00000000053ff160 000000001e6ed5e0
0x00000000053ff120:   0000000000000000 000000001e6d2ff8
0x00000000053ff130:   0000000000000000 00000000053ff160
0x00000000053ff140:   00000000053ff1a8 000000000550835d
0x00000000053ff150:   000000076bec0d20 00000000055119d8
0x00000000053ff160:   0000000000001701 00000000053ff168
0x00000000053ff170:   000000001e53070b 00000000053ff1d0
0x00000000053ff180:   000000001e530828 0000000000000000
0x00000000053ff190:   000000001e5307b8 00000000053ff160 

Instructions: (pc=0x00007ffa558428bd)
0x00007ffa5584289d:   cc cc cc 48 83 ec 28 b9 02 00 00 00 e8 6e 45 00
0x00007ffa558428ad:   00 48 8b c8 48 8d 15 78 6b 02 00 e8 53 e7 fe ff
0x00007ffa558428bd:   8b 04 25 00 00 00 00 48 83 c4 28 c3 cc cc cc cc
0x00007ffa558428cd:   cc cc cc 48 8b 01 c3 cc cc cc cc cc cc cc cc cc 


Register to memory mapping:

RAX=0x00000000000000a5 is an unknown value
RBX={method} {0x000000001e6d3000} 'glMatrixMode' '(I)V' in 'org/lwjgl/opengl/GL11'
RCX=0x00000000ffffffff is an unknown value
RDX=0x00007ffa558821b0 is an unknown value
RSP=0x00000000053ff0a0 is pointing into the stack for thread: 0x0000000005404000
RBP=0x00000000053ff140 is pointing into the stack for thread: 0x0000000005404000
RSI=0x0000000000000108 is an unknown value
RDI=0x000000000550835d is at code_begin+2301 in an Interpreter codelet
invoke return entry points  [0x0000000005507a60, 0x0000000005508440]  2528 bytes
R8 =0x000000000000000a is an unknown value
R9 =0x0000000000000002 is an unknown value
R10=0x0000000003162640 is an unknown value
R11=0x00000000053fef90 is pointing into the stack for thread: 0x0000000005404000
R12=0x0000000000000000 is an unknown value
R13=0x000000001e6d2ff0 is pointing into metadata
R14=0x00000000053ff160 is pointing into the stack for thread: 0x0000000005404000
R15=0x0000000005404000 is a thread


Stack: [0x0000000005300000,0x0000000005400000],  sp=0x00000000053ff0a0,  free space=1020k
Native frames: (J=compiled Java code, j=interpreted, Vv=VM code, C=native code)
C  [lwjgl.dll+0x128bd]
C  0x0000000005517f74

Java frames: (J=compiled Java code, j=interpreted, Vv=VM code)
j  org.lwjgl.opengl.GL11.glMatrixMode(I)V+0
j  Main.main([Ljava/lang/String;)V+123
v  ~StubRoutines::call_stub

---------------  P R O C E S S  ---------------

Java Threads: ( => current thread )
  0x000000001fea3000 JavaThread "Service Thread" daemon [_thread_blocked, id=1792, stack(0x0000000020720000,0x0000000020820000)]
  0x000000001eb02000 JavaThread "C1 CompilerThread2" daemon [_thread_blocked, id=11696, stack(0x0000000020620000,0x0000000020720000)]
  0x000000001eaf7000 JavaThread "C2 CompilerThread1" daemon [_thread_blocked, id=14204, stack(0x0000000020520000,0x0000000020620000)]
  0x000000001eaea800 JavaThread "C2 CompilerThread0" daemon [_thread_blocked, id=14000, stack(0x0000000020420000,0x0000000020520000)]
  0x000000001eae9000 JavaThread "Attach Listener" daemon [_thread_blocked, id=10288, stack(0x0000000020320000,0x0000000020420000)]
  0x000000001fe63800 JavaThread "Signal Dispatcher" daemon [_thread_blocked, id=15988, stack(0x0000000020220000,0x0000000020320000)]
  0x000000001eab9000 JavaThread "Finalizer" daemon [_thread_blocked, id=2100, stack(0x000000001fd20000,0x000000001fe20000)]
  0x00000000054f4000 JavaThread "Reference Handler" daemon [_thread_blocked, id=15356, stack(0x000000001fc20000,0x000000001fd20000)]
=>0x0000000005404000 JavaThread "main" [_thread_in_native, id=19368, stack(0x0000000005300000,0x0000000005400000)]

Other Threads:
  0x000000001ea97800 VMThread [stack: 0x000000001fb20000,0x000000001fc20000] [id=4956]
  0x000000001fef8800 WatcherThread [stack: 0x0000000020820000,0x0000000020920000] [id=4644]

VM state:not at safepoint (normal execution)

VM Mutex/Monitor currently owned by a thread: None

Heap:
 PSYoungGen      total 76288K, used 17148K [0x000000076b400000, 0x0000000770900000, 0x00000007c0000000)
  eden space 65536K, 26% used [0x000000076b400000,0x000000076c4bf110,0x000000076f400000)
  from space 10752K, 0% used [0x000000076fe80000,0x000000076fe80000,0x0000000770900000)
  to   space 10752K, 0% used [0x000000076f400000,0x000000076f400000,0x000000076fe80000)
 ParOldGen       total 175104K, used 0K [0x00000006c1c00000, 0x00000006cc700000, 0x000000076b400000)
  object space 175104K, 0% used [0x00000006c1c00000,0x00000006c1c00000,0x00000006cc700000)
 Metaspace       used 8144K, capacity 8377K, committed 8576K, reserved 1056768K
  class space    used 754K, capacity 845K, committed 896K, reserved 1048576K

Card table byte_map: [0x00000000148c0000,0x00000000150c0000] byte_map_base: 0x00000000112b2000

Marking Bits: (ParMarkBitMap*) 0x000000007540d850
 Begin Bits: [0x0000000015a10000, 0x00000000199a0000)
 End Bits:   [0x00000000199a0000, 0x000000001d930000)

Polling page: 0x0000000003200000

CodeCache: size=245760Kb used=2887Kb max_used=2887Kb free=242872Kb
 bounds [0x0000000005500000, 0x00000000057e0000, 0x0000000014500000]
 total_blobs=1454 nmethods=665 adapters=702
 compilation: enabled

Compilation events (10 events):
Event: 0.493 Thread 0x000000001eb02000  660       3       sun.reflect.UnsafeFieldAccessorImpl::ensureObj (23 bytes)
Event: 0.493 Thread 0x000000001eb02000 nmethod 660 0x00000000057d0dd0 code [0x00000000057d0fa0, 0x00000000057d18f8]
Event: 0.493 Thread 0x000000001eb02000  661       3       org.lwjgl.PointerBuffer::put (20 bytes)
Event: 0.493 Thread 0x000000001eb02000 nmethod 661 0x00000000057d1c10 code [0x00000000057d1da0, 0x00000000057d22b8]
Event: 0.493 Thread 0x000000001eb02000  663       3       org.lwjgl.system.MemoryUtil::memPutAddress (11 bytes)
Event: 0.493 Thread 0x000000001eb02000 nmethod 663 0x00000000057d2550 code [0x00000000057d26c0, 0x00000000057d2928]
Event: 0.493 Thread 0x000000001eb02000  664       3       org.lwjgl.system.MemoryAccess$MemoryAccessorUnsafe::memPutAddress (9 bytes)
Event: 0.494 Thread 0x000000001eb02000 nmethod 664 0x00000000057d2a10 code [0x00000000057d2b80, 0x00000000057d2d88]
Event: 0.494 Thread 0x000000001eb02000  662       3       org.lwjgl.system.CustomBuffer::checkIndex (23 bytes)
Event: 0.494 Thread 0x000000001eb02000 nmethod 662 0x00000000057d2e50 code [0x00000000057d2fc0, 0x00000000057d3248]

GC Heap History (0 events):
No events

Deoptimization events (1 events):
Event: 0.180 Thread 0x0000000005404000 Uncommon trap: reason=unstable_if action=reinterpret pc=0x00000000056b0c44 method=java.lang.String.indexOf([CII[CIII)I @ 134

Internal exceptions (10 events):
Event: 0.023 Thread 0x0000000005404000 Exception <a 'java/lang/NoSuchMethodError': Method sun.misc.Unsafe.prefetchRead(Ljava/lang/Object;J)V name or signature does not match> (0x000000076b407f90) thrown at [C:\re\workspace\8-2-build-windows-amd64-cygwin\jdk8u151\9699\hotspot\src\share\vm\prims
Event: 0.147 Thread 0x0000000005404000 Exception <a 'java/lang/NoSuchMethodError': java.lang.Object.lambda$static$0(Ljava/lang/String;)Ljava/lang/Boolean;> (0x000000076b8a9e40) thrown at [C:\re\workspace\8-2-build-windows-amd64-cygwin\jdk8u151\9699\hotspot\src\share\vm\interpreter\linkResolver
Event: 0.156 Thread 0x0000000005404000 Exception <a 'java/lang/NoSuchFieldError': method resolution failed> (0x000000076b921c18) thrown at [C:\re\workspace\8-2-build-windows-amd64-cygwin\jdk8u151\9699\hotspot\src\share\vm\prims\methodHandles.cpp, line 1146]
Event: 0.157 Thread 0x0000000005404000 Exception <a 'java/lang/NoSuchFieldError': method resolution failed> (0x000000076b92f018) thrown at [C:\re\workspace\8-2-build-windows-amd64-cygwin\jdk8u151\9699\hotspot\src\share\vm\prims\methodHandles.cpp, line 1146]
Event: 0.204 Thread 0x0000000005404000 Exception <a 'java/security/PrivilegedActionException'> (0x000000076badbf70) thrown at [C:\re\workspace\8-2-build-windows-amd64-cygwin\jdk8u151\9699\hotspot\src\share\vm\prims\jvm.cpp, line 1390]
Event: 0.204 Thread 0x0000000005404000 Exception <a 'java/security/PrivilegedActionException'> (0x000000076badc180) thrown at [C:\re\workspace\8-2-build-windows-amd64-cygwin\jdk8u151\9699\hotspot\src\share\vm\prims\jvm.cpp, line 1390]
Event: 0.204 Thread 0x0000000005404000 Exception <a 'java/security/PrivilegedActionException'> (0x000000076badfdf0) thrown at [C:\re\workspace\8-2-build-windows-amd64-cygwin\jdk8u151\9699\hotspot\src\share\vm\prims\jvm.cpp, line 1390]
Event: 0.204 Thread 0x0000000005404000 Exception <a 'java/security/PrivilegedActionException'> (0x000000076bae0000) thrown at [C:\re\workspace\8-2-build-windows-amd64-cygwin\jdk8u151\9699\hotspot\src\share\vm\prims\jvm.cpp, line 1390]
Event: 0.340 Thread 0x0000000005404000 Exception <a 'sun/nio/fs/WindowsException'> (0x000000076bd8cd10) thrown at [C:\re\workspace\8-2-build-windows-amd64-cygwin\jdk8u151\9699\hotspot\src\share\vm\prims\jni.cpp, line 709]
Event: 0.340 Thread 0x0000000005404000 Exception <a 'sun/nio/fs/WindowsException'> (0x000000076bd8d4d0) thrown at [C:\re\workspace\8-2-build-windows-amd64-cygwin\jdk8u151\9699\hotspot\src\share\vm\prims\jni.cpp, line 709]

Events (10 events):
Event: 0.491 loading class org/lwjgl/glfw/GLFWVidMode
Event: 0.491 loading class org/lwjgl/glfw/GLFWVidMode done
Event: 0.491 loading class org/lwjgl/system/Struct
Event: 0.491 loading class org/lwjgl/system/Struct done
Event: 0.492 loading class org/lwjgl/system/Struct$Member
Event: 0.492 loading class org/lwjgl/system/Struct$Member done
Event: 0.492 loading class org/lwjgl/system/Struct$Layout
Event: 0.492 loading class org/lwjgl/system/Struct$Layout done
Event: 0.493 loading class org/lwjgl/glfw/EventLoop$OnScreen
Event: 0.493 loading class org/lwjgl/glfw/EventLoop$OnScreen done


Dynamic libraries:
0x00007ff7ff970000 - 0x00007ff7ff9a7000 	C:\Program Files\Java\jre1.8.0_151\bin\javaw.exe
0x00007ffa9af60000 - 0x00007ffa9b140000 	C:\WINDOWS\SYSTEM32\ntdll.dll
0x00007ffa9a600000 - 0x00007ffa9a6ae000 	C:\WINDOWS\System32\KERNEL32.DLL
0x00007ffa97f20000 - 0x00007ffa98186000 	C:\WINDOWS\System32\KERNELBASE.dll
0x00007ffa9a6b0000 - 0x00007ffa9a751000 	C:\WINDOWS\System32\ADVAPI32.dll
0x00007ffa9ae80000 - 0x00007ffa9af1d000 	C:\WINDOWS\System32\msvcrt.dll
0x00007ffa9a440000 - 0x00007ffa9a49b000 	C:\WINDOWS\System32\sechost.dll
0x00007ffa9a760000 - 0x00007ffa9a87f000 	C:\WINDOWS\System32\RPCRT4.dll
0x00007ffa9a880000 - 0x00007ffa9aa0e000 	C:\WINDOWS\System32\USER32.dll
0x00007ffa97d30000 - 0x00007ffa97d50000 	C:\WINDOWS\System32\win32u.dll
0x00007ffa99ab0000 - 0x00007ffa99ad8000 	C:\WINDOWS\System32\GDI32.dll
0x00007ffa98190000 - 0x00007ffa98324000 	C:\WINDOWS\System32\gdi32full.dll
0x00007ffa98330000 - 0x00007ffa983cb000 	C:\WINDOWS\System32\msvcp_win.dll
0x00007ffa97410000 - 0x00007ffa97506000 	C:\WINDOWS\System32\ucrtbase.dll
0x00007ffa8b860000 - 0x00007ffa8bac9000 	C:\WINDOWS\WinSxS\amd64_microsoft.windows.common-controls_6595b64144ccf1df_6.0.16299.19_none_cc92fab02215da61\COMCTL32.dll
0x00007ffa99ae0000 - 0x00007ffa99de8000 	C:\WINDOWS\System32\combase.dll
0x00007ffa97510000 - 0x00007ffa97582000 	C:\WINDOWS\System32\bcryptPrimitives.dll
0x00007ffa98430000 - 0x00007ffa9845d000 	C:\WINDOWS\System32\IMM32.DLL
0x0000000075a60000 - 0x0000000075b32000 	C:\Program Files\Java\jre1.8.0_151\bin\msvcr100.dll
0x0000000074bf0000 - 0x000000007548d000 	C:\Program Files\Java\jre1.8.0_151\bin\server\jvm.dll
0x00007ffa99df0000 - 0x00007ffa99df8000 	C:\WINDOWS\System32\PSAPI.DLL
0x00007ffa92f90000 - 0x00007ffa92fb3000 	C:\WINDOWS\SYSTEM32\WINMM.dll
0x00007ffa8a120000 - 0x00007ffa8a129000 	C:\WINDOWS\SYSTEM32\WSOCK32.dll
0x00007ffa9a020000 - 0x00007ffa9a08c000 	C:\WINDOWS\System32\WS2_32.dll
0x00007ffa8cb80000 - 0x00007ffa8cb8a000 	C:\WINDOWS\SYSTEM32\VERSION.dll
0x00007ffa92ef0000 - 0x00007ffa92f1a000 	C:\WINDOWS\SYSTEM32\winmmbase.dll
0x00007ffa97ce0000 - 0x00007ffa97d2a000 	C:\WINDOWS\System32\cfgmgr32.dll
0x0000000075a50000 - 0x0000000075a5f000 	C:\Program Files\Java\jre1.8.0_151\bin\verify.dll
0x0000000075a20000 - 0x0000000075a49000 	C:\Program Files\Java\jre1.8.0_151\bin\java.dll
0x0000000075a00000 - 0x0000000075a16000 	C:\Program Files\Java\jre1.8.0_151\bin\zip.dll
0x00007ffa98500000 - 0x00007ffa99937000 	C:\WINDOWS\System32\SHELL32.dll
0x00007ffa99e00000 - 0x00007ffa99ea6000 	C:\WINDOWS\System32\shcore.dll
0x00007ffa97590000 - 0x00007ffa97cd7000 	C:\WINDOWS\System32\windows.storage.dll
0x00007ffa9a090000 - 0x00007ffa9a0e1000 	C:\WINDOWS\System32\shlwapi.dll
0x00007ffa97320000 - 0x00007ffa97331000 	C:\WINDOWS\System32\kernel.appcore.dll
0x00007ffa972b0000 - 0x00007ffa972fc000 	C:\WINDOWS\System32\powrprof.dll
0x00007ffa97300000 - 0x00007ffa9731b000 	C:\WINDOWS\System32\profapi.dll
0x00000000759e0000 - 0x00000000759fa000 	C:\Program Files\Java\jre1.8.0_151\bin\net.dll
0x00007ffa96b40000 - 0x00007ffa96ba6000 	C:\WINDOWS\system32\mswsock.dll
0x00000000759c0000 - 0x00000000759d1000 	C:\Program Files\Java\jre1.8.0_151\bin\nio.dll
0x00007ffa55830000 - 0x00007ffa55888000 	C:\Users\Ray\AppData\Local\Temp\lwjglRay\3.1.3-SNAPSHOT\lwjgl.dll
0x00007ffa687c0000 - 0x00007ffa6880d000 	C:\Users\Ray\AppData\Local\Temp\lwjglRay\3.1.3-SNAPSHOT\glfw.dll
0x00007ffa94940000 - 0x00007ffa949d5000 	C:\WINDOWS\system32\uxtheme.dll
0x00007ffa683b0000 - 0x00007ffa683f3000 	C:\WINDOWS\SYSTEM32\dinput8.dll
0x00007ffa7f6c0000 - 0x00007ffa7f6d0000 	C:\WINDOWS\SYSTEM32\xinput1_4.dll
0x00007ffa96f30000 - 0x00007ffa96f57000 	C:\WINDOWS\SYSTEM32\DEVOBJ.dll
0x00007ffa95420000 - 0x00007ffa9544a000 	C:\WINDOWS\SYSTEM32\dwmapi.dll
0x00007ffa90870000 - 0x00007ffa9089e000 	C:\WINDOWS\SYSTEM32\inputhost.dll
0x00007ffa90c00000 - 0x00007ffa90eee000 	C:\WINDOWS\SYSTEM32\CoreUIComponents.dll
0x00007ffa94080000 - 0x00007ffa9415d000 	C:\WINDOWS\SYSTEM32\CoreMessaging.dll
0x00007ffa963f0000 - 0x00007ffa96421000 	C:\WINDOWS\SYSTEM32\ntmarta.dll
0x00007ffa926f0000 - 0x00007ffa92826000 	C:\WINDOWS\SYSTEM32\wintypes.dll
0x00007ffa99eb0000 - 0x00007ffa9a017000 	C:\WINDOWS\System32\MSCTF.dll
0x00007ffa9a370000 - 0x00007ffa9a435000 	C:\WINDOWS\System32\OLEAUT32.dll
0x00007ffa96070000 - 0x00007ffa9607c000 	C:\WINDOWS\SYSTEM32\HID.DLL
0x00007ffa9aa10000 - 0x00007ffa9ae5e000 	C:\WINDOWS\System32\SETUPAPI.DLL
0x00007ffa983d0000 - 0x00007ffa98428000 	C:\WINDOWS\System32\WINTRUST.dll
0x00007ffa97340000 - 0x00007ffa97352000 	C:\WINDOWS\System32\MSASN1.dll
0x00007ffa97d50000 - 0x00007ffa97f1e000 	C:\WINDOWS\System32\CRYPT32.dll
0x00007ffa748f0000 - 0x00007ffa74a0e000 	C:\WINDOWS\SYSTEM32\opengl32.dll
0x00007ffa74880000 - 0x00007ffa748ac000 	C:\WINDOWS\SYSTEM32\GLU32.dll
0x00007ffa3d360000 - 0x00007ffa3e0b0000 	C:\WINDOWS\System32\DriverStore\FileRepository\igdlh64.inf_amd64_68bef4347a7593da\ig9icd64.dll
0x00007ffa95f30000 - 0x00007ffa95f43000 	C:\WINDOWS\SYSTEM32\WTSAPI32.dll
0x00007ffa8d610000 - 0x00007ffa8e76f000 	C:\WINDOWS\System32\DriverStore\FileRepository\igdlh64.inf_amd64_68bef4347a7593da\igc64.dll
0x00007ffa96120000 - 0x00007ffa961cf000 	C:\WINDOWS\SYSTEM32\dxgi.dll
0x00007ffa937d0000 - 0x00007ffa93ab2000 	C:\WINDOWS\SYSTEM32\d3d11.dll
0x00007ffa8eab0000 - 0x00007ffa90032000 	C:\WINDOWS\System32\DriverStore\FileRepository\igdlh64.inf_amd64_68bef4347a7593da\igd10iumd64.dll
0x00007ffa96de0000 - 0x00007ffa96e06000 	C:\WINDOWS\SYSTEM32\ncrypt.dll
0x00007ffa96e10000 - 0x00007ffa96e35000 	C:\WINDOWS\SYSTEM32\bcrypt.dll
0x00007ffa96da0000 - 0x00007ffa96dd6000 	C:\WINDOWS\SYSTEM32\NTASN1.dll
0x00007ffa557d0000 - 0x00007ffa5582f000 	C:\Users\Ray\AppData\Local\Temp\lwjglRay\3.1.3-SNAPSHOT\lwjgl_opengl.dll
0x00007ffa87910000 - 0x00007ffa879a8000 	C:\WINDOWS\System32\TextInputFramework.dll
0x00007ffa95d60000 - 0x00007ffa95f28000 	C:\WINDOWS\SYSTEM32\dbghelp.dll

VM Arguments:
jvm_args: -Dfile.encoding=MS950 
java_command: Main
java_class_path (initial): C:\Users\Ray\eclipse-workspace\CM50109Game\bin;C:\Users\Ray\eclipse-workspace\CM50109Game\Lib\lwjgl-assimp-javadoc.jar;C:\Users\Ray\eclipse-workspace\CM50109Game\Lib\lwjgl-assimp-natives-windows.jar;C:\Users\Ray\eclipse-workspace\CM50109Game\Lib\lwjgl-assimp-sources.jar;C:\Users\Ray\eclipse-workspace\CM50109Game\Lib\lwjgl-assimp.jar;C:\Users\Ray\eclipse-workspace\CM50109Game\Lib\lwjgl-bgfx-javadoc.jar;C:\Users\Ray\eclipse-workspace\CM50109Game\Lib\lwjgl-bgfx-natives-windows.jar;C:\Users\Ray\eclipse-workspace\CM50109Game\Lib\lwjgl-bgfx-sources.jar;C:\Users\Ray\eclipse-workspace\CM50109Game\Lib\lwjgl-bgfx.jar;C:\Users\Ray\eclipse-workspace\CM50109Game\Lib\lwjgl-egl-javadoc.jar;C:\Users\Ray\eclipse-workspace\CM50109Game\Lib\lwjgl-egl-sources.jar;C:\Users\Ray\eclipse-workspace\CM50109Game\Lib\lwjgl-egl.jar;C:\Users\Ray\eclipse-workspace\CM50109Game\Lib\lwjgl-glfw-javadoc.jar;C:\Users\Ray\eclipse-workspace\CM50109Game\Lib\lwjgl-glfw-natives-windows.jar;C:\Users\Ray\eclipse-workspace\CM50109Game\Lib\lwjgl-glfw-sources.jar;C:\Users\Ray\eclipse-workspace\CM50109Game\Lib\lwjgl-glfw.jar;C:\Users\Ray\eclipse-workspace\CM50109Game\Lib\lwjgl-javadoc.jar;C:\Users\Ray\eclipse-workspace\CM50109Game\Lib\lwjgl-jawt-javadoc.jar;C:\Users\Ray\eclipse-workspace\CM50109Game\Lib\lwjgl-jawt-sources.jar;C:\Users\Ray\eclipse-workspace\CM50109Game\Lib\lwjgl-jawt.jar;C:\Users\Ray\eclipse-workspace\CM50109Game\Lib\lwjgl-jemalloc-javadoc.jar;C:\Users\Ray\eclipse-workspace\CM50109Game\Lib\lwjgl-jemalloc-natives-windows.jar;C:\Users\Ray\eclipse-workspace\CM50109Game\Lib\lwjgl-jemalloc-sources.jar;C:\Users\Ray\eclipse-workspace\CM50109Game\Lib\lwjgl-jemalloc.jar;C:\Users\Ray\eclipse-workspace\CM50109Game\Lib\lwjgl-lmdb-javadoc.jar;C:\Users\Ray\eclipse-workspace\CM50109Game\Lib\lwjgl-lmdb-natives-windows.jar;C:\Users\Ray\eclipse-workspace\CM50109Game\Lib\lwjgl-lmdb-sources.jar;C:\Users\Ray\eclipse-workspace\CM50109Game\Lib\lwjgl-lmdb.jar;C:\Users\Ray\eclipse-workspace\CM5
Launcher Type: SUN_STANDARD

Environment Variables:
PATH=C:\ProgramData\Oracle\Java\javapath;C:\Program Files (x86)\Intel\iCLS Client\;C:\Program Files\Intel\iCLS Client\;C:\Windows\system32;C:\Windows;C:\Windows\System32\Wbem;C:\Windows\System32\WindowsPowerShell\v1.0\;C:\Program Files (x86)\Intel\Intel(R) Management Engine Components\DAL;C:\Program Files\Intel\Intel(R) Management Engine Components\DAL;C:\Program Files (x86)\Intel\Intel(R) Management Engine Components\IPT;C:\Program Files\Intel\Intel(R) Management Engine Components\IPT;C:\Program Files (x86)\NVIDIA Corporation\PhysX\Common;C:\Program Files\Intel\WiFi\bin\;C:\Program Files\Common Files\Intel\WirelessCommon\;C:\WINDOWS\system32;C:\WINDOWS;C:\WINDOWS\System32\Wbem;C:\WINDOWS\System32\WindowsPowerShell\v1.0\;C:\Program Files\Git\cmd;"C:\Python27;C:\Python27\Scripts";C:\Python36\Scripts\;C:\Python36\;C:\Users\Ray\AppData\Local\Microsoft\WindowsApps;
USERNAME=Ray
OS=Windows_NT
PROCESSOR_IDENTIFIER=Intel64 Family 6 Model 142 Stepping 9, GenuineIntel



---------------  S Y S T E M  ---------------

OS: Windows 10.0 , 64 bit Build 16299 (10.0.16299.15)

CPU:total 4 (initial active 4) (2 cores per cpu, 2 threads per core) family 6 model 142 stepping 9, cmov, cx8, fxsr, mmx, sse, sse2, sse3, ssse3, sse4.1, sse4.2, popcnt, avx, avx2, aes, clmul, erms, 3dnowpref, lzcnt, ht, tsc, tscinvbit, bmi1, bmi2, adx

Memory: 4k page, physical 16657520k(8780204k free), swap 21638256k(7904660k free)

vm_info: Java HotSpot(TM) 64-Bit Server VM (25.151-b12) for windows-amd64 JRE (1.8.0_151-b12), built on Sep  5 2017 19:33:46 by "java_re" with MS VC++ 10.0 (VS2010)

time: Fri Nov 17 12:31:46 2017
elapsed time: 0 seconds (0d 0h 0m 0s)

