#
# A fatal error has been detected by the Java Runtime Environment:
#
#  EXCEPTION_ACCESS_VIOLATION (0xc0000005) at pc=0x00007ffa64fe28bd, pid=8004, tid=0x0000000000003de8
#
# JRE version: Java(TM) SE Runtime Environment (8.0_151-b12) (build 1.8.0_151-b12)
# Java VM: Java HotSpot(TM) 64-Bit Server VM (25.151-b12 mixed mode windows-amd64 compressed oops)
# Problematic frame:
# C  [lwjgl.dll+0x128bd]
#
# Failed to write core dump. Minidumps are not enabled by default on client versions of Windows
#
# If you would like to submit a bug report, please visit:
#   http://bugreport.java.com/bugreport/crash.jsp
# The crash happened outside the Java Virtual Machine in native code.
# See problematic frame for where to report the bug.
#

---------------  T H R E A D  ---------------

Current thread (0x0000000004cd4000):  JavaThread "main" [_thread_in_native, id=15848, stack(0x00000000047b0000,0x00000000048b0000)]

siginfo: ExceptionCode=0xc0000005, reading address 0x0000000000000000

Registers:
RAX=0x00000000000000a5, RBX=0x000000001e083f18, RCX=0x00000000ffffffff, RDX=0x00007ffa650221b0
RSP=0x00000000048af350, RBP=0x00000000048af400, RSI=0x0000000000000108, RDI=0x0000000004eb835d
R8 =0x000000000000000a, R9 =0x0000000000000002, R10=0x00000000007e2880, R11=0x00000000048af240
R12=0x0000000000000000, R13=0x000000001e083f10, R14=0x00000000048af430, R15=0x0000000004cd4000
RIP=0x00007ffa64fe28bd, EFLAGS=0x0000000000010206

Top of Stack: (sp=0x00000000048af350)
0x00000000048af350:   0000000004eae600 00007ffa65009430
0x00000000048af360:   0000000000000004 0000000004ea7a60
0x00000000048af370:   0000000000000108 0000000004ec7f74
0x00000000048af380:   0000000004eb835d 0000000004ec7cdd
0x00000000048af390:   0000000004cd4000 000000001e083f18
0x00000000048af3a0:   000000003f800000 0000000004cd4000
0x00000000048af3b0:   00000000048af4a0 0000000004ec7ca2
0x00000000048af3c0:   00000000048af3c0 000000001e083f10
0x00000000048af3d0:   00000000048af430 000000001e0ad5e0
0x00000000048af3e0:   0000000000000000 000000001e083f18
0x00000000048af3f0:   0000000000000000 00000000048af420
0x00000000048af400:   00000000048af478 0000000004eb835d
0x00000000048af410:   000000076bec0d48 0000000004ec19d8
0x00000000048af420:   000000003f800000 000000003f000000
0x00000000048af430:   000000073f000000 00000000048af438
0x00000000048af440:   000000001dee0725 00000000048af4a0 

Instructions: (pc=0x00007ffa64fe28bd)
0x00007ffa64fe289d:   cc cc cc 48 83 ec 28 b9 02 00 00 00 e8 6e 45 00
0x00007ffa64fe28ad:   00 48 8b c8 48 8d 15 78 6b 02 00 e8 53 e7 fe ff
0x00007ffa64fe28bd:   8b 04 25 00 00 00 00 48 83 c4 28 c3 cc cc cc cc
0x00007ffa64fe28cd:   cc cc cc 48 8b 01 c3 cc cc cc cc cc cc cc cc cc 


Register to memory mapping:

RAX=0x00000000000000a5 is an unknown value
RBX={method} {0x000000001e083f20} 'glColor3f' '(FFF)V' in 'org/lwjgl/opengl/GL11'
RCX=0x00000000ffffffff is an unknown value
RDX=0x00007ffa650221b0 is an unknown value
RSP=0x00000000048af350 is pointing into the stack for thread: 0x0000000004cd4000
RBP=0x00000000048af400 is pointing into the stack for thread: 0x0000000004cd4000
RSI=0x0000000000000108 is an unknown value
RDI=0x0000000004eb835d is at code_begin+2301 in an Interpreter codelet
invoke return entry points  [0x0000000004eb7a60, 0x0000000004eb8440]  2528 bytes
R8 =0x000000000000000a is an unknown value
R9 =0x0000000000000002 is an unknown value
R10=0x00000000007e2880 is an unknown value
R11=0x00000000048af240 is pointing into the stack for thread: 0x0000000004cd4000
R12=0x0000000000000000 is an unknown value
R13=0x000000001e083f10 is pointing into metadata
R14=0x00000000048af430 is pointing into the stack for thread: 0x0000000004cd4000
R15=0x0000000004cd4000 is a thread


Stack: [0x00000000047b0000,0x00000000048b0000],  sp=0x00000000048af350,  free space=1020k
Native frames: (J=compiled Java code, j=interpreted, Vv=VM code, C=native code)
C  [lwjgl.dll+0x128bd]
C  0x0000000004ec7f74

Java frames: (J=compiled Java code, j=interpreted, Vv=VM code)
j  org.lwjgl.opengl.GL11.glColor3f(FFF)V+0
j  Main.main([Ljava/lang/String;)V+157
v  ~StubRoutines::call_stub

---------------  P R O C E S S  ---------------

Java Threads: ( => current thread )
  0x000000001f87c800 JavaThread "Service Thread" daemon [_thread_blocked, id=15160, stack(0x00000000200f0000,0x00000000201f0000)]
  0x000000001e4a9000 JavaThread "C1 CompilerThread2" daemon [_thread_blocked, id=17832, stack(0x000000001fff0000,0x00000000200f0000)]
  0x000000001e49c800 JavaThread "C2 CompilerThread1" daemon [_thread_blocked, id=15752, stack(0x000000001fef0000,0x000000001fff0000)]
  0x000000001e49a800 JavaThread "C2 CompilerThread0" daemon [_thread_blocked, id=4952, stack(0x000000001fdf0000,0x000000001fef0000)]
  0x000000001e498800 JavaThread "Attach Listener" daemon [_thread_blocked, id=11088, stack(0x000000001fcf0000,0x000000001fdf0000)]
  0x000000001f833800 JavaThread "Signal Dispatcher" daemon [_thread_blocked, id=6396, stack(0x000000001fbf0000,0x000000001fcf0000)]
  0x000000001e469000 JavaThread "Finalizer" daemon [_thread_blocked, id=10988, stack(0x000000001f6f0000,0x000000001f7f0000)]
  0x0000000004dc4000 JavaThread "Reference Handler" daemon [_thread_blocked, id=16712, stack(0x000000001f5f0000,0x000000001f6f0000)]
=>0x0000000004cd4000 JavaThread "main" [_thread_in_native, id=15848, stack(0x00000000047b0000,0x00000000048b0000)]

Other Threads:
  0x000000001e447800 VMThread [stack: 0x000000001f4f0000,0x000000001f5f0000] [id=15544]
  0x000000001f8d6800 WatcherThread [stack: 0x00000000201f0000,0x00000000202f0000] [id=9828]

VM state:not at safepoint (normal execution)

VM Mutex/Monitor currently owned by a thread: None

Heap:
 PSYoungGen      total 76288K, used 17148K [0x000000076b400000, 0x0000000770900000, 0x00000007c0000000)
  eden space 65536K, 26% used [0x000000076b400000,0x000000076c4bf138,0x000000076f400000)
  from space 10752K, 0% used [0x000000076fe80000,0x000000076fe80000,0x0000000770900000)
  to   space 10752K, 0% used [0x000000076f400000,0x000000076f400000,0x000000076fe80000)
 ParOldGen       total 175104K, used 0K [0x00000006c1c00000, 0x00000006cc700000, 0x000000076b400000)
  object space 175104K, 0% used [0x00000006c1c00000,0x00000006c1c00000,0x00000006cc700000)
 Metaspace       used 8146K, capacity 8377K, committed 8576K, reserved 1056768K
  class space    used 754K, capacity 845K, committed 896K, reserved 1048576K

Card table byte_map: [0x0000000014270000,0x0000000014a70000] byte_map_base: 0x0000000010c62000

Marking Bits: (ParMarkBitMap*) 0x000000007540d850
 Begin Bits: [0x00000000153c0000, 0x0000000019350000)
 End Bits:   [0x0000000019350000, 0x000000001d2e0000)

Polling page: 0x0000000002f50000

CodeCache: size=245760Kb used=2897Kb max_used=2897Kb free=242862Kb
 bounds [0x0000000004eb0000, 0x0000000005190000, 0x0000000013eb0000]
 total_blobs=1458 nmethods=669 adapters=702
 compilation: enabled

Compilation events (10 events):
Event: 0.552 Thread 0x000000001e4a9000  665       3       org.lwjgl.PointerBuffer::put (20 bytes)
Event: 0.553 Thread 0x000000001e4a9000 nmethod 665 0x00000000051836d0 code [0x0000000005183860, 0x0000000005183d78]
Event: 0.553 Thread 0x000000001e4a9000  666       3       org.lwjgl.system.CustomBuffer::checkIndex (23 bytes)
Event: 0.553 Thread 0x000000001e4a9000 nmethod 666 0x0000000005184010 code [0x0000000005184180, 0x0000000005184408]
Event: 0.553 Thread 0x000000001e4a9000  660       3       java.lang.reflect.Field::getLong (51 bytes)
Event: 0.553 Thread 0x000000001e4a9000 nmethod 660 0x0000000005184510 code [0x00000000051846e0, 0x0000000005184d28]
Event: 0.553 Thread 0x000000001e4a9000  661       3       sun.reflect.UnsafeQualifiedLongFieldAccessorImpl::<init> (7 bytes)
Event: 0.554 Thread 0x000000001e4a9000 nmethod 661 0x0000000005184f10 code [0x0000000005185080, 0x0000000005185288]
Event: 0.554 Thread 0x000000001e4a9000  662       3       sun.reflect.UnsafeQualifiedFieldAccessorImpl::<init> (11 bytes)
Event: 0.554 Thread 0x000000001e4a9000 nmethod 662 0x0000000005185350 code [0x00000000051854c0, 0x0000000005185668]

GC Heap History (0 events):
No events

Deoptimization events (1 events):
Event: 0.196 Thread 0x0000000004cd4000 Uncommon trap: reason=unstable_if action=reinterpret pc=0x00000000050689c4 method=java.lang.String.indexOf([CII[CIII)I @ 134

Internal exceptions (10 events):
Event: 0.029 Thread 0x0000000004cd4000 Exception <a 'java/lang/NoSuchMethodError': Method sun.misc.Unsafe.prefetchRead(Ljava/lang/Object;J)V name or signature does not match> (0x000000076b407f90) thrown at [C:\re\workspace\8-2-build-windows-amd64-cygwin\jdk8u151\9699\hotspot\src\share\vm\prims
Event: 0.160 Thread 0x0000000004cd4000 Exception <a 'java/lang/NoSuchMethodError': java.lang.Object.lambda$static$0(Ljava/lang/String;)Ljava/lang/Boolean;> (0x000000076b8a9e28) thrown at [C:\re\workspace\8-2-build-windows-amd64-cygwin\jdk8u151\9699\hotspot\src\share\vm\interpreter\linkResolver
Event: 0.169 Thread 0x0000000004cd4000 Exception <a 'java/lang/NoSuchFieldError': method resolution failed> (0x000000076b921c00) thrown at [C:\re\workspace\8-2-build-windows-amd64-cygwin\jdk8u151\9699\hotspot\src\share\vm\prims\methodHandles.cpp, line 1146]
Event: 0.170 Thread 0x0000000004cd4000 Exception <a 'java/lang/NoSuchFieldError': method resolution failed> (0x000000076b92f000) thrown at [C:\re\workspace\8-2-build-windows-amd64-cygwin\jdk8u151\9699\hotspot\src\share\vm\prims\methodHandles.cpp, line 1146]
Event: 0.222 Thread 0x0000000004cd4000 Exception <a 'java/security/PrivilegedActionException'> (0x000000076badbf98) thrown at [C:\re\workspace\8-2-build-windows-amd64-cygwin\jdk8u151\9699\hotspot\src\share\vm\prims\jvm.cpp, line 1390]
Event: 0.222 Thread 0x0000000004cd4000 Exception <a 'java/security/PrivilegedActionException'> (0x000000076badc1a8) thrown at [C:\re\workspace\8-2-build-windows-amd64-cygwin\jdk8u151\9699\hotspot\src\share\vm\prims\jvm.cpp, line 1390]
Event: 0.223 Thread 0x0000000004cd4000 Exception <a 'java/security/PrivilegedActionException'> (0x000000076badfe18) thrown at [C:\re\workspace\8-2-build-windows-amd64-cygwin\jdk8u151\9699\hotspot\src\share\vm\prims\jvm.cpp, line 1390]
Event: 0.223 Thread 0x0000000004cd4000 Exception <a 'java/security/PrivilegedActionException'> (0x000000076bae0028) thrown at [C:\re\workspace\8-2-build-windows-amd64-cygwin\jdk8u151\9699\hotspot\src\share\vm\prims\jvm.cpp, line 1390]
Event: 0.357 Thread 0x0000000004cd4000 Exception <a 'sun/nio/fs/WindowsException'> (0x000000076bd8cd38) thrown at [C:\re\workspace\8-2-build-windows-amd64-cygwin\jdk8u151\9699\hotspot\src\share\vm\prims\jni.cpp, line 709]
Event: 0.358 Thread 0x0000000004cd4000 Exception <a 'sun/nio/fs/WindowsException'> (0x000000076bd8d4f8) thrown at [C:\re\workspace\8-2-build-windows-amd64-cygwin\jdk8u151\9699\hotspot\src\share\vm\prims\jni.cpp, line 709]

Events (10 events):
Event: 0.551 loading class org/lwjgl/glfw/GLFWVidMode
Event: 0.551 loading class org/lwjgl/glfw/GLFWVidMode done
Event: 0.551 loading class org/lwjgl/system/Struct
Event: 0.551 loading class org/lwjgl/system/Struct done
Event: 0.552 loading class org/lwjgl/system/Struct$Member
Event: 0.552 loading class org/lwjgl/system/Struct$Member done
Event: 0.553 loading class org/lwjgl/system/Struct$Layout
Event: 0.553 loading class org/lwjgl/system/Struct$Layout done
Event: 0.555 loading class org/lwjgl/glfw/EventLoop$OnScreen
Event: 0.555 loading class org/lwjgl/glfw/EventLoop$OnScreen done


Dynamic libraries:
0x00007ff7ff970000 - 0x00007ff7ff9a7000 	C:\Program Files\Java\jre1.8.0_151\bin\javaw.exe
0x00007ffa9af60000 - 0x00007ffa9b140000 	C:\WINDOWS\SYSTEM32\ntdll.dll
0x00007ffa9a600000 - 0x00007ffa9a6ae000 	C:\WINDOWS\System32\KERNEL32.DLL
0x00007ffa97f20000 - 0x00007ffa98186000 	C:\WINDOWS\System32\KERNELBASE.dll
0x00007ffa9a6b0000 - 0x00007ffa9a751000 	C:\WINDOWS\System32\ADVAPI32.dll
0x00007ffa9ae80000 - 0x00007ffa9af1d000 	C:\WINDOWS\System32\msvcrt.dll
0x00007ffa9a440000 - 0x00007ffa9a49b000 	C:\WINDOWS\System32\sechost.dll
0x00007ffa9a760000 - 0x00007ffa9a87f000 	C:\WINDOWS\System32\RPCRT4.dll
0x00007ffa9a880000 - 0x00007ffa9aa0e000 	C:\WINDOWS\System32\USER32.dll
0x00007ffa97d30000 - 0x00007ffa97d50000 	C:\WINDOWS\System32\win32u.dll
0x00007ffa99ab0000 - 0x00007ffa99ad8000 	C:\WINDOWS\System32\GDI32.dll
0x00007ffa98190000 - 0x00007ffa98324000 	C:\WINDOWS\System32\gdi32full.dll
0x00007ffa98330000 - 0x00007ffa983cb000 	C:\WINDOWS\System32\msvcp_win.dll
0x00007ffa97410000 - 0x00007ffa97506000 	C:\WINDOWS\System32\ucrtbase.dll
0x00007ffa8b860000 - 0x00007ffa8bac9000 	C:\WINDOWS\WinSxS\amd64_microsoft.windows.common-controls_6595b64144ccf1df_6.0.16299.19_none_cc92fab02215da61\COMCTL32.dll
0x00007ffa99ae0000 - 0x00007ffa99de8000 	C:\WINDOWS\System32\combase.dll
0x00007ffa97510000 - 0x00007ffa97582000 	C:\WINDOWS\System32\bcryptPrimitives.dll
0x00007ffa98430000 - 0x00007ffa9845d000 	C:\WINDOWS\System32\IMM32.DLL
0x0000000075a60000 - 0x0000000075b32000 	C:\Program Files\Java\jre1.8.0_151\bin\msvcr100.dll
0x0000000074bf0000 - 0x000000007548d000 	C:\Program Files\Java\jre1.8.0_151\bin\server\jvm.dll
0x00007ffa99df0000 - 0x00007ffa99df8000 	C:\WINDOWS\System32\PSAPI.DLL
0x00007ffa92f90000 - 0x00007ffa92fb3000 	C:\WINDOWS\SYSTEM32\WINMM.dll
0x00007ffa8cb80000 - 0x00007ffa8cb8a000 	C:\WINDOWS\SYSTEM32\VERSION.dll
0x00007ffa8a120000 - 0x00007ffa8a129000 	C:\WINDOWS\SYSTEM32\WSOCK32.dll
0x00007ffa9a020000 - 0x00007ffa9a08c000 	C:\WINDOWS\System32\WS2_32.dll
0x00007ffa92ef0000 - 0x00007ffa92f1a000 	C:\WINDOWS\SYSTEM32\winmmbase.dll
0x00007ffa97ce0000 - 0x00007ffa97d2a000 	C:\WINDOWS\System32\cfgmgr32.dll
0x0000000075a50000 - 0x0000000075a5f000 	C:\Program Files\Java\jre1.8.0_151\bin\verify.dll
0x0000000075a20000 - 0x0000000075a49000 	C:\Program Files\Java\jre1.8.0_151\bin\java.dll
0x0000000075a00000 - 0x0000000075a16000 	C:\Program Files\Java\jre1.8.0_151\bin\zip.dll
0x00007ffa98500000 - 0x00007ffa99937000 	C:\WINDOWS\System32\SHELL32.dll
0x00007ffa99e00000 - 0x00007ffa99ea6000 	C:\WINDOWS\System32\shcore.dll
0x00007ffa97590000 - 0x00007ffa97cd7000 	C:\WINDOWS\System32\windows.storage.dll
0x00007ffa9a090000 - 0x00007ffa9a0e1000 	C:\WINDOWS\System32\shlwapi.dll
0x00007ffa97320000 - 0x00007ffa97331000 	C:\WINDOWS\System32\kernel.appcore.dll
0x00007ffa972b0000 - 0x00007ffa972fc000 	C:\WINDOWS\System32\powrprof.dll
0x00007ffa97300000 - 0x00007ffa9731b000 	C:\WINDOWS\System32\profapi.dll
0x00000000759e0000 - 0x00000000759fa000 	C:\Program Files\Java\jre1.8.0_151\bin\net.dll
0x00007ffa96b40000 - 0x00007ffa96ba6000 	C:\WINDOWS\system32\mswsock.dll
0x00000000759c0000 - 0x00000000759d1000 	C:\Program Files\Java\jre1.8.0_151\bin\nio.dll
0x00007ffa64fd0000 - 0x00007ffa65028000 	C:\Users\Ray\AppData\Local\Temp\lwjglRay\3.1.3-SNAPSHOT\lwjgl.dll
0x00007ffa859c0000 - 0x00007ffa85a0d000 	C:\Users\Ray\AppData\Local\Temp\lwjglRay\3.1.3-SNAPSHOT\glfw.dll
0x00007ffa94940000 - 0x00007ffa949d5000 	C:\WINDOWS\system32\uxtheme.dll
0x00007ffa7d040000 - 0x00007ffa7d083000 	C:\WINDOWS\SYSTEM32\dinput8.dll
0x00007ffa94210000 - 0x00007ffa94220000 	C:\WINDOWS\SYSTEM32\xinput1_4.dll
0x00007ffa96f30000 - 0x00007ffa96f57000 	C:\WINDOWS\SYSTEM32\DEVOBJ.dll
0x00007ffa95420000 - 0x00007ffa9544a000 	C:\WINDOWS\SYSTEM32\dwmapi.dll
0x00007ffa90870000 - 0x00007ffa9089e000 	C:\WINDOWS\SYSTEM32\inputhost.dll
0x00007ffa90c00000 - 0x00007ffa90eee000 	C:\WINDOWS\SYSTEM32\CoreUIComponents.dll
0x00007ffa94080000 - 0x00007ffa9415d000 	C:\WINDOWS\SYSTEM32\CoreMessaging.dll
0x00007ffa963f0000 - 0x00007ffa96421000 	C:\WINDOWS\SYSTEM32\ntmarta.dll
0x00007ffa926f0000 - 0x00007ffa92826000 	C:\WINDOWS\SYSTEM32\wintypes.dll
0x00007ffa99eb0000 - 0x00007ffa9a017000 	C:\WINDOWS\System32\MSCTF.dll
0x00007ffa9a370000 - 0x00007ffa9a435000 	C:\WINDOWS\System32\OLEAUT32.dll
0x00007ffa96070000 - 0x00007ffa9607c000 	C:\WINDOWS\SYSTEM32\HID.DLL
0x00007ffa9aa10000 - 0x00007ffa9ae5e000 	C:\WINDOWS\System32\SETUPAPI.DLL
0x00007ffa983d0000 - 0x00007ffa98428000 	C:\WINDOWS\System32\WINTRUST.dll
0x00007ffa97340000 - 0x00007ffa97352000 	C:\WINDOWS\System32\MSASN1.dll
0x00007ffa97d50000 - 0x00007ffa97f1e000 	C:\WINDOWS\System32\CRYPT32.dll
0x00007ffa748f0000 - 0x00007ffa74a0e000 	C:\WINDOWS\SYSTEM32\opengl32.dll
0x00007ffa74880000 - 0x00007ffa748ac000 	C:\WINDOWS\SYSTEM32\GLU32.dll
0x00007ffa3d360000 - 0x00007ffa3e0b0000 	C:\WINDOWS\System32\DriverStore\FileRepository\igdlh64.inf_amd64_68bef4347a7593da\ig9icd64.dll
0x00007ffa95f30000 - 0x00007ffa95f43000 	C:\WINDOWS\SYSTEM32\WTSAPI32.dll
0x00007ffa8d610000 - 0x00007ffa8e76f000 	C:\WINDOWS\System32\DriverStore\FileRepository\igdlh64.inf_amd64_68bef4347a7593da\igc64.dll
0x00007ffa96120000 - 0x00007ffa961cf000 	C:\WINDOWS\SYSTEM32\dxgi.dll
0x00007ffa937d0000 - 0x00007ffa93ab2000 	C:\WINDOWS\SYSTEM32\d3d11.dll
0x00007ffa8eab0000 - 0x00007ffa90032000 	C:\WINDOWS\System32\DriverStore\FileRepository\igdlh64.inf_amd64_68bef4347a7593da\igd10iumd64.dll
0x00007ffa96e10000 - 0x00007ffa96e35000 	C:\WINDOWS\SYSTEM32\bcrypt.dll
0x00007ffa96de0000 - 0x00007ffa96e06000 	C:\WINDOWS\SYSTEM32\ncrypt.dll
0x00007ffa96da0000 - 0x00007ffa96dd6000 	C:\WINDOWS\SYSTEM32\NTASN1.dll
0x00007ffa55940000 - 0x00007ffa5599f000 	C:\Users\Ray\AppData\Local\Temp\lwjglRay\3.1.3-SNAPSHOT\lwjgl_opengl.dll
0x00007ffa87910000 - 0x00007ffa879a8000 	C:\WINDOWS\System32\TextInputFramework.dll
0x00007ffa95d60000 - 0x00007ffa95f28000 	C:\WINDOWS\SYSTEM32\dbghelp.dll

VM Arguments:
jvm_args: -Dfile.encoding=MS950 
java_command: Main
java_class_path (initial): C:\Users\Ray\eclipse-workspace\CM50109Game\bin;C:\Users\Ray\eclipse-workspace\CM50109Game\Lib\lwjgl-assimp-javadoc.jar;C:\Users\Ray\eclipse-workspace\CM50109Game\Lib\lwjgl-assimp-natives-windows.jar;C:\Users\Ray\eclipse-workspace\CM50109Game\Lib\lwjgl-assimp-sources.jar;C:\Users\Ray\eclipse-workspace\CM50109Game\Lib\lwjgl-assimp.jar;C:\Users\Ray\eclipse-workspace\CM50109Game\Lib\lwjgl-bgfx-javadoc.jar;C:\Users\Ray\eclipse-workspace\CM50109Game\Lib\lwjgl-bgfx-natives-windows.jar;C:\Users\Ray\eclipse-workspace\CM50109Game\Lib\lwjgl-bgfx-sources.jar;C:\Users\Ray\eclipse-workspace\CM50109Game\Lib\lwjgl-bgfx.jar;C:\Users\Ray\eclipse-workspace\CM50109Game\Lib\lwjgl-egl-javadoc.jar;C:\Users\Ray\eclipse-workspace\CM50109Game\Lib\lwjgl-egl-sources.jar;C:\Users\Ray\eclipse-workspace\CM50109Game\Lib\lwjgl-egl.jar;C:\Users\Ray\eclipse-workspace\CM50109Game\Lib\lwjgl-glfw-javadoc.jar;C:\Users\Ray\eclipse-workspace\CM50109Game\Lib\lwjgl-glfw-natives-windows.jar;C:\Users\Ray\eclipse-workspace\CM50109Game\Lib\lwjgl-glfw-sources.jar;C:\Users\Ray\eclipse-workspace\CM50109Game\Lib\lwjgl-glfw.jar;C:\Users\Ray\eclipse-workspace\CM50109Game\Lib\lwjgl-javadoc.jar;C:\Users\Ray\eclipse-workspace\CM50109Game\Lib\lwjgl-jawt-javadoc.jar;C:\Users\Ray\eclipse-workspace\CM50109Game\Lib\lwjgl-jawt-sources.jar;C:\Users\Ray\eclipse-workspace\CM50109Game\Lib\lwjgl-jawt.jar;C:\Users\Ray\eclipse-workspace\CM50109Game\Lib\lwjgl-jemalloc-javadoc.jar;C:\Users\Ray\eclipse-workspace\CM50109Game\Lib\lwjgl-jemalloc-natives-windows.jar;C:\Users\Ray\eclipse-workspace\CM50109Game\Lib\lwjgl-jemalloc-sources.jar;C:\Users\Ray\eclipse-workspace\CM50109Game\Lib\lwjgl-jemalloc.jar;C:\Users\Ray\eclipse-workspace\CM50109Game\Lib\lwjgl-lmdb-javadoc.jar;C:\Users\Ray\eclipse-workspace\CM50109Game\Lib\lwjgl-lmdb-natives-windows.jar;C:\Users\Ray\eclipse-workspace\CM50109Game\Lib\lwjgl-lmdb-sources.jar;C:\Users\Ray\eclipse-workspace\CM50109Game\Lib\lwjgl-lmdb.jar;C:\Users\Ray\eclipse-workspace\CM5
Launcher Type: SUN_STANDARD

Environment Variables:
PATH=C:\ProgramData\Oracle\Java\javapath;C:\Program Files (x86)\Intel\iCLS Client\;C:\Program Files\Intel\iCLS Client\;C:\Windows\system32;C:\Windows;C:\Windows\System32\Wbem;C:\Windows\System32\WindowsPowerShell\v1.0\;C:\Program Files (x86)\Intel\Intel(R) Management Engine Components\DAL;C:\Program Files\Intel\Intel(R) Management Engine Components\DAL;C:\Program Files (x86)\Intel\Intel(R) Management Engine Components\IPT;C:\Program Files\Intel\Intel(R) Management Engine Components\IPT;C:\Program Files (x86)\NVIDIA Corporation\PhysX\Common;C:\Program Files\Intel\WiFi\bin\;C:\Program Files\Common Files\Intel\WirelessCommon\;C:\WINDOWS\system32;C:\WINDOWS;C:\WINDOWS\System32\Wbem;C:\WINDOWS\System32\WindowsPowerShell\v1.0\;C:\Program Files\Git\cmd;"C:\Python27;C:\Python27\Scripts";C:\Python36\Scripts\;C:\Python36\;C:\Users\Ray\AppData\Local\Microsoft\WindowsApps;
USERNAME=Ray
OS=Windows_NT
PROCESSOR_IDENTIFIER=Intel64 Family 6 Model 142 Stepping 9, GenuineIntel



---------------  S Y S T E M  ---------------

OS: Windows 10.0 , 64 bit Build 16299 (10.0.16299.15)

CPU:total 4 (initial active 4) (2 cores per cpu, 2 threads per core) family 6 model 142 stepping 9, cmov, cx8, fxsr, mmx, sse, sse2, sse3, ssse3, sse4.1, sse4.2, popcnt, avx, avx2, aes, clmul, erms, 3dnowpref, lzcnt, ht, tsc, tscinvbit, bmi1, bmi2, adx

Memory: 4k page, physical 16657520k(8365572k free), swap 21638256k(8096592k free)

vm_info: Java HotSpot(TM) 64-Bit Server VM (25.151-b12) for windows-amd64 JRE (1.8.0_151-b12), built on Sep  5 2017 19:33:46 by "java_re" with MS VC++ 10.0 (VS2010)

time: Fri Nov 17 12:23:11 2017
elapsed time: 0 seconds (0d 0h 0m 0s)

