#
# A fatal error has been detected by the Java Runtime Environment:
#
#  EXCEPTION_ACCESS_VIOLATION (0xc0000005) at pc=0x00007ffa6d3728bd, pid=9036, tid=0x0000000000002ed8
#
# JRE version: Java(TM) SE Runtime Environment (8.0_151-b12) (build 1.8.0_151-b12)
# Java VM: Java HotSpot(TM) 64-Bit Server VM (25.151-b12 mixed mode windows-amd64 compressed oops)
# Problematic frame:
# C  [lwjgl.dll+0x128bd]
#
# Failed to write core dump. Minidumps are not enabled by default on client versions of Windows
#
# If you would like to submit a bug report, please visit:
#   http://bugreport.java.com/bugreport/crash.jsp
# The crash happened outside the Java Virtual Machine in native code.
# See problematic frame for where to report the bug.
#

---------------  T H R E A D  ---------------

Current thread (0x0000000004c54000):  JavaThread "main" [_thread_in_native, id=11992, stack(0x0000000004770000,0x0000000004870000)]

siginfo: ExceptionCode=0xc0000005, reading address 0x0000000000000000

Registers:
RAX=0x00000000000000a5, RBX=0x000000001df72c28, RCX=0x00000000ffffffff, RDX=0x00007ffa6d3b21b0
RSP=0x000000000486f590, RBP=0x000000000486f630, RSI=0x00000000000002e0, RDI=0x0000000004d5835d
R8 =0x000000000000000a, R9 =0x0000000000000002, R10=0x0000000002b52580, R11=0x000000000486f480
R12=0x0000000000000000, R13=0x000000001df72c20, R14=0x000000000486f650, R15=0x0000000004c54000
RIP=0x00007ffa6d3728bd, EFLAGS=0x0000000000010202

Top of Stack: (sp=0x000000000486f590)
0x000000000486f590:   000000000486f800 00007ffa6d399430
0x000000000486f5a0:   0000000000000007 00000000048b7b20
0x000000000486f5b0:   0000000004d5835d 0000000004d67f74
0x000000000486f5c0:   0000000004c54000 000000001df72c28
0x000000000486f5d0:   00000000000002e0 0000000004c54000
0x000000000486f5e0:   000000000486f6c0 0000000004d67ca2
0x000000000486f5f0:   000000000486f5f0 000000001df72c20
0x000000000486f600:   000000000486f650 000000001df9d5e0
0x000000000486f610:   0000000000000000 000000001df72c28
0x000000000486f620:   0000000000000000 000000000486f650
0x000000000486f630:   000000000486f698 0000000004d5835d
0x000000000486f640:   000000076bed89a8 0000000004d619d8
0x000000000486f650:   0000000000000007 000000000486f658
0x000000000486f660:   000000001ddd06a3 000000000486f6c0
0x000000000486f670:   000000001ddd0790 0000000000000000
0x000000000486f680:   000000001ddd0720 000000000486f650 

Instructions: (pc=0x00007ffa6d3728bd)
0x00007ffa6d37289d:   cc cc cc 48 83 ec 28 b9 02 00 00 00 e8 6e 45 00
0x00007ffa6d3728ad:   00 48 8b c8 48 8d 15 78 6b 02 00 e8 53 e7 fe ff
0x00007ffa6d3728bd:   8b 04 25 00 00 00 00 48 83 c4 28 c3 cc cc cc cc
0x00007ffa6d3728cd:   cc cc cc 48 8b 01 c3 cc cc cc cc cc cc cc cc cc 


Register to memory mapping:

RAX=0x00000000000000a5 is an unknown value
RBX={method} {0x000000001df72c30} 'glBegin' '(I)V' in 'org/lwjgl/opengl/GL11'
RCX=0x00000000ffffffff is an unknown value
RDX=0x00007ffa6d3b21b0 is an unknown value
RSP=0x000000000486f590 is pointing into the stack for thread: 0x0000000004c54000
RBP=0x000000000486f630 is pointing into the stack for thread: 0x0000000004c54000
RSI=0x00000000000002e0 is an unknown value
RDI=0x0000000004d5835d is at code_begin+2301 in an Interpreter codelet
invoke return entry points  [0x0000000004d57a60, 0x0000000004d58440]  2528 bytes
R8 =0x000000000000000a is an unknown value
R9 =0x0000000000000002 is an unknown value
R10=0x0000000002b52580 is an unknown value
R11=0x000000000486f480 is pointing into the stack for thread: 0x0000000004c54000
R12=0x0000000000000000 is an unknown value
R13=0x000000001df72c20 is pointing into metadata
R14=0x000000000486f650 is pointing into the stack for thread: 0x0000000004c54000
R15=0x0000000004c54000 is a thread


Stack: [0x0000000004770000,0x0000000004870000],  sp=0x000000000486f590,  free space=1021k
Native frames: (J=compiled Java code, j=interpreted, Vv=VM code, C=native code)
C  [lwjgl.dll+0x128bd]
C  0x0000000004d67f74

Java frames: (J=compiled Java code, j=interpreted, Vv=VM code)
j  org.lwjgl.opengl.GL11.glBegin(I)V+0
j  Main.main([Ljava/lang/String;)V+139
v  ~StubRoutines::call_stub

---------------  P R O C E S S  ---------------

Java Threads: ( => current thread )
  0x000000001f7a7800 JavaThread "Service Thread" daemon [_thread_blocked, id=796, stack(0x0000000020030000,0x0000000020130000)]
  0x000000001f78e800 JavaThread "C1 CompilerThread2" daemon [_thread_blocked, id=15984, stack(0x000000001ff30000,0x0000000020030000)]
  0x000000001e3cd000 JavaThread "C2 CompilerThread1" daemon [_thread_blocked, id=16604, stack(0x000000001fe30000,0x000000001ff30000)]
  0x000000001e38a800 JavaThread "C2 CompilerThread0" daemon [_thread_blocked, id=5144, stack(0x000000001fd30000,0x000000001fe30000)]
  0x000000001f773000 JavaThread "Attach Listener" daemon [_thread_blocked, id=5648, stack(0x000000001fc30000,0x000000001fd30000)]
  0x000000001f772800 JavaThread "Signal Dispatcher" daemon [_thread_blocked, id=2892, stack(0x000000001fb30000,0x000000001fc30000)]
  0x000000001e359800 JavaThread "Finalizer" daemon [_thread_blocked, id=9584, stack(0x000000001f5d0000,0x000000001f6d0000)]
  0x0000000004d44000 JavaThread "Reference Handler" daemon [_thread_blocked, id=4312, stack(0x000000001f4d0000,0x000000001f5d0000)]
=>0x0000000004c54000 JavaThread "main" [_thread_in_native, id=11992, stack(0x0000000004770000,0x0000000004870000)]

Other Threads:
  0x000000001e337800 VMThread [stack: 0x000000001f3d0000,0x000000001f4d0000] [id=12184]
  0x000000001f7e1000 WatcherThread [stack: 0x0000000020130000,0x0000000020230000] [id=7064]

VM state:not at safepoint (normal execution)

VM Mutex/Monitor currently owned by a thread: None

Heap:
 PSYoungGen      total 76288K, used 18418K [0x000000076b400000, 0x0000000770900000, 0x00000007c0000000)
  eden space 65536K, 28% used [0x000000076b400000,0x000000076c5fcb70,0x000000076f400000)
  from space 10752K, 0% used [0x000000076fe80000,0x000000076fe80000,0x0000000770900000)
  to   space 10752K, 0% used [0x000000076f400000,0x000000076f400000,0x000000076fe80000)
 ParOldGen       total 175104K, used 0K [0x00000006c1c00000, 0x00000006cc700000, 0x000000076b400000)
  object space 175104K, 0% used [0x00000006c1c00000,0x00000006c1c00000,0x00000006cc700000)
 Metaspace       used 8158K, capacity 8377K, committed 8576K, reserved 1056768K
  class space    used 754K, capacity 845K, committed 896K, reserved 1048576K

Card table byte_map: [0x0000000014110000,0x0000000014910000] byte_map_base: 0x0000000010b02000

Marking Bits: (ParMarkBitMap*) 0x00000000754ed850
 Begin Bits: [0x0000000015260000, 0x00000000191f0000)
 End Bits:   [0x00000000191f0000, 0x000000001d180000)

Polling page: 0x0000000002fb0000

CodeCache: size=245760Kb used=2898Kb max_used=2898Kb free=242861Kb
 bounds [0x0000000004d50000, 0x0000000005030000, 0x0000000013d50000]
 total_blobs=1463 nmethods=674 adapters=702
 compilation: enabled

Compilation events (10 events):
Event: 0.621 Thread 0x000000001f78e800  668       3       org.lwjgl.PointerBuffer::put (20 bytes)
Event: 0.621 Thread 0x000000001f78e800 nmethod 668 0x0000000005023b10 code [0x0000000005023ca0, 0x00000000050241b8]
Event: 0.621 Thread 0x000000001f78e800  669       3       org.lwjgl.system.CustomBuffer::checkIndex (23 bytes)
Event: 0.621 Thread 0x000000001f78e800 nmethod 669 0x0000000005024450 code [0x00000000050245c0, 0x0000000005024848]
Event: 0.621 Thread 0x000000001f78e800  661       3       sun.reflect.UnsafeFieldAccessorImpl::<init> (56 bytes)
Event: 0.622 Thread 0x000000001f78e800 nmethod 661 0x0000000005024950 code [0x0000000005024b00, 0x0000000005025238]
Event: 0.622 Thread 0x000000001f78e800  670       3       org.lwjgl.system.MemoryUtil::memPutAddress (11 bytes)
Event: 0.622 Thread 0x000000001f78e800 nmethod 670 0x0000000005025410 code [0x0000000005025580, 0x00000000050257e8]
Event: 0.622 Thread 0x000000001f78e800  671       3       org.lwjgl.system.MemoryAccess$MemoryAccessorUnsafe::memPutAddress (9 bytes)
Event: 0.622 Thread 0x000000001f78e800 nmethod 671 0x00000000050258d0 code [0x0000000005025a40, 0x0000000005025c48]

GC Heap History (0 events):
No events

Deoptimization events (1 events):
Event: 0.298 Thread 0x0000000004c54000 Uncommon trap: reason=unstable_if action=reinterpret pc=0x0000000004f10258 method=java.lang.String.indexOf([CII[CIII)I @ 134

Internal exceptions (10 events):
Event: 0.058 Thread 0x0000000004c54000 Exception <a 'java/lang/NoSuchMethodError': Method sun.misc.Unsafe.prefetchRead(Ljava/lang/Object;J)V name or signature does not match> (0x000000076b407f90) thrown at [C:\re\workspace\8-2-build-windows-amd64-cygwin\jdk8u151\9699\hotspot\src\share\vm\prims
Event: 0.256 Thread 0x0000000004c54000 Exception <a 'java/lang/NoSuchMethodError': java.lang.Object.lambda$static$0(Ljava/lang/String;)Ljava/lang/Boolean;> (0x000000076b8b4eb8) thrown at [C:\re\workspace\8-2-build-windows-amd64-cygwin\jdk8u151\9699\hotspot\src\share\vm\interpreter\linkResolver
Event: 0.269 Thread 0x0000000004c54000 Exception <a 'java/lang/NoSuchFieldError': method resolution failed> (0x000000076b92cca0) thrown at [C:\re\workspace\8-2-build-windows-amd64-cygwin\jdk8u151\9699\hotspot\src\share\vm\prims\methodHandles.cpp, line 1146]
Event: 0.271 Thread 0x0000000004c54000 Exception <a 'java/lang/NoSuchFieldError': method resolution failed> (0x000000076b93a0a0) thrown at [C:\re\workspace\8-2-build-windows-amd64-cygwin\jdk8u151\9699\hotspot\src\share\vm\prims\methodHandles.cpp, line 1146]
Event: 0.323 Thread 0x0000000004c54000 Exception <a 'java/security/PrivilegedActionException'> (0x000000076bae7e90) thrown at [C:\re\workspace\8-2-build-windows-amd64-cygwin\jdk8u151\9699\hotspot\src\share\vm\prims\jvm.cpp, line 1390]
Event: 0.323 Thread 0x0000000004c54000 Exception <a 'java/security/PrivilegedActionException'> (0x000000076bae80a0) thrown at [C:\re\workspace\8-2-build-windows-amd64-cygwin\jdk8u151\9699\hotspot\src\share\vm\prims\jvm.cpp, line 1390]
Event: 0.324 Thread 0x0000000004c54000 Exception <a 'java/security/PrivilegedActionException'> (0x000000076baebd10) thrown at [C:\re\workspace\8-2-build-windows-amd64-cygwin\jdk8u151\9699\hotspot\src\share\vm\prims\jvm.cpp, line 1390]
Event: 0.324 Thread 0x0000000004c54000 Exception <a 'java/security/PrivilegedActionException'> (0x000000076baebf20) thrown at [C:\re\workspace\8-2-build-windows-amd64-cygwin\jdk8u151\9699\hotspot\src\share\vm\prims\jvm.cpp, line 1390]
Event: 0.477 Thread 0x0000000004c54000 Exception <a 'sun/nio/fs/WindowsException'> (0x000000076bda10e0) thrown at [C:\re\workspace\8-2-build-windows-amd64-cygwin\jdk8u151\9699\hotspot\src\share\vm\prims\jni.cpp, line 709]
Event: 0.477 Thread 0x0000000004c54000 Exception <a 'sun/nio/fs/WindowsException'> (0x000000076bda18a0) thrown at [C:\re\workspace\8-2-build-windows-amd64-cygwin\jdk8u151\9699\hotspot\src\share\vm\prims\jni.cpp, line 709]

Events (10 events):
Event: 0.619 loading class org/lwjgl/glfw/GLFWVidMode
Event: 0.619 loading class org/lwjgl/glfw/GLFWVidMode done
Event: 0.619 loading class org/lwjgl/system/Struct
Event: 0.619 loading class org/lwjgl/system/Struct done
Event: 0.620 loading class org/lwjgl/system/Struct$Member
Event: 0.620 loading class org/lwjgl/system/Struct$Member done
Event: 0.620 loading class org/lwjgl/system/Struct$Layout
Event: 0.620 loading class org/lwjgl/system/Struct$Layout done
Event: 0.621 loading class org/lwjgl/glfw/EventLoop$OnScreen
Event: 0.621 loading class org/lwjgl/glfw/EventLoop$OnScreen done


Dynamic libraries:
0x00007ff64a2a0000 - 0x00007ff64a2d7000 	C:\Program Files\Java\jre1.8.0_151\bin\javaw.exe
0x00007ffa9af60000 - 0x00007ffa9b140000 	C:\WINDOWS\SYSTEM32\ntdll.dll
0x00007ffa9a600000 - 0x00007ffa9a6ae000 	C:\WINDOWS\System32\KERNEL32.DLL
0x00007ffa97f20000 - 0x00007ffa98186000 	C:\WINDOWS\System32\KERNELBASE.dll
0x00007ffa9a6b0000 - 0x00007ffa9a751000 	C:\WINDOWS\System32\ADVAPI32.dll
0x00007ffa9ae80000 - 0x00007ffa9af1d000 	C:\WINDOWS\System32\msvcrt.dll
0x00007ffa9a440000 - 0x00007ffa9a49b000 	C:\WINDOWS\System32\sechost.dll
0x00007ffa9a760000 - 0x00007ffa9a87f000 	C:\WINDOWS\System32\RPCRT4.dll
0x00007ffa9a880000 - 0x00007ffa9aa0e000 	C:\WINDOWS\System32\USER32.dll
0x00007ffa97d30000 - 0x00007ffa97d50000 	C:\WINDOWS\System32\win32u.dll
0x00007ffa99ab0000 - 0x00007ffa99ad8000 	C:\WINDOWS\System32\GDI32.dll
0x00007ffa98190000 - 0x00007ffa98324000 	C:\WINDOWS\System32\gdi32full.dll
0x00007ffa98330000 - 0x00007ffa983cb000 	C:\WINDOWS\System32\msvcp_win.dll
0x00007ffa97410000 - 0x00007ffa97506000 	C:\WINDOWS\System32\ucrtbase.dll
0x00007ffa8b860000 - 0x00007ffa8bac9000 	C:\WINDOWS\WinSxS\amd64_microsoft.windows.common-controls_6595b64144ccf1df_6.0.16299.19_none_cc92fab02215da61\COMCTL32.dll
0x00007ffa99ae0000 - 0x00007ffa99de8000 	C:\WINDOWS\System32\combase.dll
0x00007ffa97510000 - 0x00007ffa97582000 	C:\WINDOWS\System32\bcryptPrimitives.dll
0x00007ffa98430000 - 0x00007ffa9845d000 	C:\WINDOWS\System32\IMM32.DLL
0x0000000075a60000 - 0x0000000075b32000 	C:\Program Files\Java\jre1.8.0_151\bin\msvcr100.dll
0x0000000074cd0000 - 0x000000007556d000 	C:\Program Files\Java\jre1.8.0_151\bin\server\jvm.dll
0x00007ffa99df0000 - 0x00007ffa99df8000 	C:\WINDOWS\System32\PSAPI.DLL
0x00007ffa8a120000 - 0x00007ffa8a129000 	C:\WINDOWS\SYSTEM32\WSOCK32.dll
0x00007ffa9a020000 - 0x00007ffa9a08c000 	C:\WINDOWS\System32\WS2_32.dll
0x00007ffa92f90000 - 0x00007ffa92fb3000 	C:\WINDOWS\SYSTEM32\WINMM.dll
0x00007ffa8cb80000 - 0x00007ffa8cb8a000 	C:\WINDOWS\SYSTEM32\VERSION.dll
0x00007ffa92ef0000 - 0x00007ffa92f1a000 	C:\WINDOWS\SYSTEM32\WINMMBASE.dll
0x00007ffa97ce0000 - 0x00007ffa97d2a000 	C:\WINDOWS\System32\cfgmgr32.dll
0x0000000075a50000 - 0x0000000075a5f000 	C:\Program Files\Java\jre1.8.0_151\bin\verify.dll
0x0000000075a20000 - 0x0000000075a49000 	C:\Program Files\Java\jre1.8.0_151\bin\java.dll
0x0000000075a00000 - 0x0000000075a16000 	C:\Program Files\Java\jre1.8.0_151\bin\zip.dll
0x00007ffa98500000 - 0x00007ffa99937000 	C:\WINDOWS\System32\SHELL32.dll
0x00007ffa99e00000 - 0x00007ffa99ea6000 	C:\WINDOWS\System32\shcore.dll
0x00007ffa97590000 - 0x00007ffa97cd7000 	C:\WINDOWS\System32\windows.storage.dll
0x00007ffa9a090000 - 0x00007ffa9a0e1000 	C:\WINDOWS\System32\shlwapi.dll
0x00007ffa97320000 - 0x00007ffa97331000 	C:\WINDOWS\System32\kernel.appcore.dll
0x00007ffa972b0000 - 0x00007ffa972fc000 	C:\WINDOWS\System32\powrprof.dll
0x00007ffa97300000 - 0x00007ffa9731b000 	C:\WINDOWS\System32\profapi.dll
0x00000000759e0000 - 0x00000000759fa000 	C:\Program Files\Java\jre1.8.0_151\bin\net.dll
0x00007ffa96b40000 - 0x00007ffa96ba6000 	C:\WINDOWS\system32\mswsock.dll
0x00000000759c0000 - 0x00000000759d1000 	C:\Program Files\Java\jre1.8.0_151\bin\nio.dll
0x00007ffa6d360000 - 0x00007ffa6d3b8000 	C:\Users\Ray\AppData\Local\Temp\lwjglRay\3.1.3-SNAPSHOT\lwjgl.dll
0x00007ffa70740000 - 0x00007ffa7078d000 	C:\Users\Ray\AppData\Local\Temp\lwjglRay\3.1.3-SNAPSHOT\glfw.dll
0x00007ffa94940000 - 0x00007ffa949d5000 	C:\WINDOWS\system32\uxtheme.dll
0x00007ffa6ca90000 - 0x00007ffa6cad3000 	C:\WINDOWS\SYSTEM32\dinput8.dll
0x00007ffa87930000 - 0x00007ffa87940000 	C:\WINDOWS\SYSTEM32\xinput1_4.dll
0x00007ffa96f30000 - 0x00007ffa96f57000 	C:\WINDOWS\SYSTEM32\DEVOBJ.dll
0x00007ffa95420000 - 0x00007ffa9544a000 	C:\WINDOWS\SYSTEM32\dwmapi.dll
0x00007ffa90870000 - 0x00007ffa9089e000 	C:\WINDOWS\SYSTEM32\inputhost.dll
0x00007ffa94080000 - 0x00007ffa9415d000 	C:\WINDOWS\SYSTEM32\CoreMessaging.dll
0x00007ffa90c00000 - 0x00007ffa90eee000 	C:\WINDOWS\SYSTEM32\CoreUIComponents.dll
0x00007ffa963f0000 - 0x00007ffa96421000 	C:\WINDOWS\SYSTEM32\ntmarta.dll
0x00007ffa926f0000 - 0x00007ffa92826000 	C:\WINDOWS\SYSTEM32\wintypes.dll
0x00007ffa99eb0000 - 0x00007ffa9a017000 	C:\WINDOWS\System32\MSCTF.dll
0x00007ffa9a370000 - 0x00007ffa9a435000 	C:\WINDOWS\System32\OLEAUT32.dll
0x00007ffa96070000 - 0x00007ffa9607c000 	C:\WINDOWS\SYSTEM32\HID.DLL
0x00007ffa9aa10000 - 0x00007ffa9ae5e000 	C:\WINDOWS\System32\SETUPAPI.DLL
0x00007ffa983d0000 - 0x00007ffa98428000 	C:\WINDOWS\System32\WINTRUST.dll
0x00007ffa97340000 - 0x00007ffa97352000 	C:\WINDOWS\System32\MSASN1.dll
0x00007ffa97d50000 - 0x00007ffa97f1e000 	C:\WINDOWS\System32\CRYPT32.dll
0x00007ffa88d10000 - 0x00007ffa88e2e000 	C:\WINDOWS\SYSTEM32\opengl32.dll
0x00007ffa8cb40000 - 0x00007ffa8cb6c000 	C:\WINDOWS\SYSTEM32\GLU32.dll
0x00007ffa4fc40000 - 0x00007ffa50990000 	C:\WINDOWS\System32\DriverStore\FileRepository\igdlh64.inf_amd64_68bef4347a7593da\ig9icd64.dll
0x00007ffa95f30000 - 0x00007ffa95f43000 	C:\WINDOWS\SYSTEM32\WTSAPI32.dll
0x00007ffa8d610000 - 0x00007ffa8e76f000 	C:\WINDOWS\System32\DriverStore\FileRepository\igdlh64.inf_amd64_68bef4347a7593da\igc64.dll
0x00007ffa96120000 - 0x00007ffa961cf000 	C:\WINDOWS\SYSTEM32\dxgi.dll
0x00007ffa937d0000 - 0x00007ffa93ab2000 	C:\WINDOWS\SYSTEM32\d3d11.dll
0x00007ffa6f020000 - 0x00007ffa705a2000 	C:\WINDOWS\System32\DriverStore\FileRepository\igdlh64.inf_amd64_68bef4347a7593da\igd10iumd64.dll
0x00007ffa96e10000 - 0x00007ffa96e35000 	C:\WINDOWS\SYSTEM32\bcrypt.dll
0x00007ffa96de0000 - 0x00007ffa96e06000 	C:\WINDOWS\SYSTEM32\ncrypt.dll
0x00007ffa96da0000 - 0x00007ffa96dd6000 	C:\WINDOWS\SYSTEM32\NTASN1.dll
0x00007ffa6c280000 - 0x00007ffa6c2df000 	C:\Users\Ray\AppData\Local\Temp\lwjglRay\3.1.3-SNAPSHOT\lwjgl_opengl.dll
0x00007ffa8f470000 - 0x00007ffa8f508000 	C:\WINDOWS\System32\TextInputFramework.dll
0x00007ffa95d60000 - 0x00007ffa95f28000 	C:\WINDOWS\SYSTEM32\dbghelp.dll

VM Arguments:
jvm_args: -Dfile.encoding=MS950 
java_command: Main
java_class_path (initial): C:\Users\Ray\Documents\GitHub\grey\CM50109Game\bin;C:\Users\Ray\Documents\GitHub\grey\CM50109Game\Lib\lwjgl-assimp-javadoc.jar;C:\Users\Ray\Documents\GitHub\grey\CM50109Game\Lib\lwjgl-assimp-natives-windows.jar;C:\Users\Ray\Documents\GitHub\grey\CM50109Game\Lib\lwjgl-assimp-sources.jar;C:\Users\Ray\Documents\GitHub\grey\CM50109Game\Lib\lwjgl-assimp.jar;C:\Users\Ray\Documents\GitHub\grey\CM50109Game\Lib\lwjgl-bgfx-javadoc.jar;C:\Users\Ray\Documents\GitHub\grey\CM50109Game\Lib\lwjgl-bgfx-natives-windows.jar;C:\Users\Ray\Documents\GitHub\grey\CM50109Game\Lib\lwjgl-bgfx-sources.jar;C:\Users\Ray\Documents\GitHub\grey\CM50109Game\Lib\lwjgl-bgfx.jar;C:\Users\Ray\Documents\GitHub\grey\CM50109Game\Lib\lwjgl-egl-javadoc.jar;C:\Users\Ray\Documents\GitHub\grey\CM50109Game\Lib\lwjgl-egl-sources.jar;C:\Users\Ray\Documents\GitHub\grey\CM50109Game\Lib\lwjgl-egl.jar;C:\Users\Ray\Documents\GitHub\grey\CM50109Game\Lib\lwjgl-glfw-javadoc.jar;C:\Users\Ray\Documents\GitHub\grey\CM50109Game\Lib\lwjgl-glfw-natives-windows.jar;C:\Users\Ray\Documents\GitHub\grey\CM50109Game\Lib\lwjgl-glfw-sources.jar;C:\Users\Ray\Documents\GitHub\grey\CM50109Game\Lib\lwjgl-glfw.jar;C:\Users\Ray\Documents\GitHub\grey\CM50109Game\Lib\lwjgl-javadoc.jar;C:\Users\Ray\Documents\GitHub\grey\CM50109Game\Lib\lwjgl-jawt-javadoc.jar;C:\Users\Ray\Documents\GitHub\grey\CM50109Game\Lib\lwjgl-jawt-sources.jar;C:\Users\Ray\Documents\GitHub\grey\CM50109Game\Lib\lwjgl-jawt.jar;C:\Users\Ray\Documents\GitHub\grey\CM50109Game\Lib\lwjgl-jemalloc-javadoc.jar;C:\Users\Ray\Documents\GitHub\grey\CM50109Game\Lib\lwjgl-jemalloc-natives-windows.jar;C:\Users\Ray\Documents\GitHub\grey\CM50109Game\Lib\lwjgl-jemalloc-sources.jar;C:\Users\Ray\Documents\GitHub\grey\CM50109Game\Lib\lwjgl-jemalloc.jar;C:\Users\Ray\Documents\GitHub\grey\CM50109Game\Lib\lwjgl-lmdb-javadoc.jar;C:\Users\Ray\Documents\GitHub\grey\CM50109Game\Lib\lwjgl-lmdb-natives-windows.jar;C:\Users\Ray\Documents\GitHub\grey\CM50109Game\Lib\lwjgl-lmdb-
Launcher Type: SUN_STANDARD

Environment Variables:
PATH=C:\ProgramData\Oracle\Java\javapath;C:\Program Files (x86)\Intel\iCLS Client\;C:\Program Files\Intel\iCLS Client\;C:\Windows\system32;C:\Windows;C:\Windows\System32\Wbem;C:\Windows\System32\WindowsPowerShell\v1.0\;C:\Program Files (x86)\Intel\Intel(R) Management Engine Components\DAL;C:\Program Files\Intel\Intel(R) Management Engine Components\DAL;C:\Program Files (x86)\Intel\Intel(R) Management Engine Components\IPT;C:\Program Files\Intel\Intel(R) Management Engine Components\IPT;C:\Program Files (x86)\NVIDIA Corporation\PhysX\Common;C:\Program Files\Intel\WiFi\bin\;C:\Program Files\Common Files\Intel\WirelessCommon\;C:\WINDOWS\system32;C:\WINDOWS;C:\WINDOWS\System32\Wbem;C:\WINDOWS\System32\WindowsPowerShell\v1.0\;C:\Program Files\Git\cmd;"C:\Python27;C:\Python27\Scripts";C:\Python36\Scripts\;C:\Python36\;C:\Users\Ray\AppData\Local\Microsoft\WindowsApps;
USERNAME=Ray
OS=Windows_NT
PROCESSOR_IDENTIFIER=Intel64 Family 6 Model 142 Stepping 9, GenuineIntel



---------------  S Y S T E M  ---------------

OS: Windows 10.0 , 64 bit Build 16299 (10.0.16299.15)

CPU:total 4 (initial active 4) (2 cores per cpu, 2 threads per core) family 6 model 142 stepping 9, cmov, cx8, fxsr, mmx, sse, sse2, sse3, ssse3, sse4.1, sse4.2, popcnt, avx, avx2, aes, clmul, erms, 3dnowpref, lzcnt, ht, tsc, tscinvbit, bmi1, bmi2, adx

Memory: 4k page, physical 16657520k(10335140k free), swap 21638256k(13688336k free)

vm_info: Java HotSpot(TM) 64-Bit Server VM (25.151-b12) for windows-amd64 JRE (1.8.0_151-b12), built on Sep  5 2017 19:33:46 by "java_re" with MS VC++ 10.0 (VS2010)

time: Sat Nov 18 14:31:55 2017
elapsed time: 0 seconds (0d 0h 0m 0s)

